Traceback (most recent call last):
  File "/usr/lib/python3/dist-packages/picamera/camera.py", line 1421, in capture
    if not encoder.wait(self.CAPTURE_TIMEOUT):
  File "/usr/lib/python3/dist-packages/picamera/encoders.py", line 393, in wait
    result = self.event.wait(timeout)
  File "/usr/lib/python3.9/threading.py", line 574, in wait
    signaled = self._cond.wait(timeout)
  File "/usr/lib/python3.9/threading.py", line 316, in wait
    gotit = waiter.acquire(True, timeout)
KeyboardInterrupt

During handling of the above exception, another exception occurred:

Traceback (most recent call last):
  File "/home/housso97/Desktop/code_IMAV2022_Thomas/main_mission_xxx.py", line 603, in <module>
    mission_largage_zone_inconnu(id_to_find)
  File "/home/housso97/Desktop/code_IMAV2022_Thomas/main_mission_xxx.py", line 441, in mission_largage_zone_inconnu
    x_centerPixel_target, y_centerPixel_target, aruco_seen, good_aruco_found, white_square_seen, saved_markers = detection_object.Detection_aruco(latitude, longitude, altitudeAuSol, heading, saved_markers, id_to_test, True)
  File "/home/housso97/Desktop/code_IMAV2022_Thomas/detection_target.py", line 94, in Detection_aruco
    self.camera.capture(self.rawCapture, format="bgr")
  File "/usr/lib/python3/dist-packages/picamera/camera.py", line 1425, in capture
    encoder.close()
  File "/usr/lib/python3/dist-packages/picamera/encoders.py", line 431, in close
    self.stop()
  File "/usr/lib/python3/dist-packages/picamera/encoders.py", line 419, in stop
    self._close_output()
  File "/usr/lib/python3/dist-packages/picamera/encoders.py", line 349, in _close_output
    mo.close_stream(output, opened)
  File "/usr/lib/python3/dist-packages/picamera/mmalobj.py", line 371, in close_stream
    stream.flush()
  File "/usr/lib/python3/dist-packages/picamera/array.py", line 238, in flush
    self.array = bytes_to_rgb(self.getvalue(), self.size or self.camera.resolution)
  File "/usr/lib/python3/dist-packages/picamera/array.py", line 126, in bytes_to_rgb
    raise PiCameraValueError(
picamera.exc.PiCameraValueError: Incorrect buffer length for resolution 640x480
